Starting ChromeDriver 80.0.3987.16 (320f6526c1632ad4f205ebce69b99a062ed78647-refs/branch-heads/3987@{#185}) on port 9515
Only local connections are allowed.
Please protect ports used by ChromeDriver and related test frameworks to prevent access by malicious code.
[1585089495,263][SEVERE]: Timed out receiving message from renderer: 0,100
[1585089495,365][SEVERE]: Timed out receiving message from renderer: 0,100
[1585089495,467][SEVERE]: Timed out receiving message from renderer: 0,100
[1585089495,569][SEVERE]: Timed out receiving message from renderer: 0,100
[1585089495,670][SEVERE]: Timed out receiving message from renderer: 0,100
[1585089495,772][SEVERE]: Timed out receiving message from renderer: 0,100
[1585089495,874][SEVERE]: Timed out receiving message from renderer: 0,100
[1585089495,975][SEVERE]: Timed out receiving message from renderer: 0,100
[1585089496,077][SEVERE]: Timed out receiving message from renderer: 0,100
[1585089496,179][SEVERE]: Timed out receiving message from renderer: 0,100
[1585089496,281][SEVERE]: Timed out receiving message from renderer: 0,100
[1585089496,383][SEVERE]: Timed out receiving message from renderer: 0,100
[1585089496,484][SEVERE]: Timed out receiving message from renderer: 0,100
[1585089496,586][SEVERE]: Timed out receiving message from renderer: 0,100
[1585089496,688][SEVERE]: Timed out receiving message from renderer: 0,100
[1585089496,789][SEVERE]: Timed out receiving message from renderer: 0,100
[1585089496,891][SEVERE]: Timed out receiving message from renderer: 0,100
[1585089496,993][SEVERE]: Timed out receiving message from renderer: 0,100
[1585089497,094][SEVERE]: Timed out receiving message from renderer: 0,100
[1585089497,196][SEVERE]: Timed out receiving message from renderer: 0,100
[1585089497,297][SEVERE]: Timed out receiving message from renderer: 0,100
[1585089497,399][SEVERE]: Timed out receiving message from renderer: 0,100
[1585089497,501][SEVERE]: Timed out receiving message from renderer: 0,100
[1585089497,602][SEVERE]: Timed out receiving message from renderer: 0,100
[1585089497,704][SEVERE]: Timed out receiving message from renderer: 0,100
[1585089497,805][SEVERE]: Timed out receiving message from renderer: 0,100
[1585089497,907][SEVERE]: Timed out receiving message from renderer: 0,100
[1585089498,009][SEVERE]: Timed out receiving message from renderer: 0,100
[1585089498,111][SEVERE]: Timed out receiving message from renderer: 0,100
[1585089498,213][SEVERE]: Timed out receiving message from renderer: 0,100
[1585089498,314][SEVERE]: Timed out receiving message from renderer: 0,100
[1585089498,416][SEVERE]: Timed out receiving message from renderer: 0,100
[1585089498,518][SEVERE]: Timed out receiving message from renderer: 0,100
[1585089498,620][SEVERE]: Timed out receiving message from renderer: 0,100
[1585089498,721][SEVERE]: Timed out receiving message from renderer: 0,100
[1585089498,823][SEVERE]: Timed out receiving message from renderer: 0,100
[1585089498,924][SEVERE]: Timed out receiving message from renderer: 0,100
[1585089499,026][SEVERE]: Timed out receiving message from renderer: 0,100
[1585089499,128][SEVERE]: Timed out receiving message from renderer: 0,100
[1585089499,230][SEVERE]: Timed out receiving message from renderer: 0,100
[1585089499,332][SEVERE]: Timed out receiving message from renderer: 0,100
[1585089499,433][SEVERE]: Timed out receiving message from renderer: 0,100
[1585089499,535][SEVERE]: Timed out receiving message from renderer: 0,100
[1585089499,637][SEVERE]: Timed out receiving message from renderer: 0,100
[1585089499,738][SEVERE]: Timed out receiving message from renderer: 0,100
[1585089499,840][SEVERE]: Timed out receiving message from renderer: 0,100
[1585089499,942][SEVERE]: Timed out receiving message from renderer: 0,100
[1585089500,044][SEVERE]: Timed out receiving message from renderer: 0,100
[1585089500,145][SEVERE]: Timed out receiving message from renderer: 0,100
[1585089500,247][SEVERE]: Timed out receiving message from renderer: 0,100
[1585089500,349][SEVERE]: Timed out receiving message from renderer: 0,100
[1585089500,451][SEVERE]: Timed out receiving message from renderer: 0,100
[1585089500,552][SEVERE]: Timed out receiving message from renderer: 0,100
[1585089500,654][SEVERE]: Timed out receiving message from renderer: 0,100
[1585089500,756][SEVERE]: Timed out receiving message from renderer: 0,100
[1585089500,857][SEVERE]: Timed out receiving message from renderer: 0,100
[1585089500,959][SEVERE]: Timed out receiving message from renderer: 0,100
[1585089501,061][SEVERE]: Timed out receiving message from renderer: 0,100
[1585089501,162][SEVERE]: Timed out receiving message from renderer: 0,100
[1585089501,264][SEVERE]: Timed out receiving message from renderer: 0,100
[1585089501,366][SEVERE]: Timed out receiving message from renderer: 0,100
[1585089501,467][SEVERE]: Timed out receiving message from renderer: 0,100
[1585089501,569][SEVERE]: Timed out receiving message from renderer: 0,100
[1585089501,670][SEVERE]: Timed out receiving message from renderer: 0,100
[1585089501,772][SEVERE]: Timed out receiving message from renderer: 0,100
[1585089501,874][SEVERE]: Timed out receiving message from renderer: 0,100
[1585089501,975][SEVERE]: Timed out receiving message from renderer: 0,100
[1585089502,077][SEVERE]: Timed out receiving message from renderer: 0,100
[1585089502,178][SEVERE]: Timed out receiving message from renderer: 0,100
[1585089502,280][SEVERE]: Timed out receiving message from renderer: 0,100
[1585089502,381][SEVERE]: Timed out receiving message from renderer: 0,100
[1585089502,483][SEVERE]: Timed out receiving message from renderer: 0,100
[1585089502,584][SEVERE]: Timed out receiving message from renderer: 0,100
[1585089502,686][SEVERE]: Timed out receiving message from renderer: 0,100
[1585089504,182][SEVERE]: Timed out receiving message from renderer: 0,100
[1585089504,312][SEVERE]: Timed out receiving message from renderer: 0,100
[1585089504,434][SEVERE]: Timed out receiving message from renderer: 0,100
[1585089504,537][SEVERE]: Timed out receiving message from renderer: 0,100
[1585089504,638][SEVERE]: Timed out receiving message from renderer: 0,100
[1585089504,740][SEVERE]: Timed out receiving message from renderer: 0,100
[1585089504,842][SEVERE]: Timed out receiving message from renderer: 0,100
[1585089504,943][SEVERE]: Timed out receiving message from renderer: 0,100
[1585089505,045][SEVERE]: Timed out receiving message from renderer: 0,100
[1585089510,731][SEVERE]: Timed out receiving message from renderer: 0,100
[1585089510,833][SEVERE]: Timed out receiving message from renderer: 0,100
[1585089510,935][SEVERE]: Timed out receiving message from renderer: 0,100
[1585089511,037][SEVERE]: Timed out receiving message from renderer: 0,100
[1585089511,138][SEVERE]: Timed out receiving message from renderer: 0,100
[1585089511,240][SEVERE]: Timed out receiving message from renderer: 0,100
[1585089511,342][SEVERE]: Timed out receiving message from renderer: 0,100
[1585089511,444][SEVERE]: Timed out receiving message from renderer: 0,100
[1585089511,545][SEVERE]: Timed out receiving message from renderer: 0,100
[1585089511,647][SEVERE]: Timed out receiving message from renderer: 0,100
[1585089511,748][SEVERE]: Timed out receiving message from renderer: 0,100
[1585089511,850][SEVERE]: Timed out receiving message from renderer: 0,100
[1585089511,951][SEVERE]: Timed out receiving message from renderer: 0,100
[1585089512,053][SEVERE]: Timed out receiving message from renderer: 0,100
[1585089512,155][SEVERE]: Timed out receiving message from renderer: 0,100
[1585089512,256][SEVERE]: Timed out receiving message from renderer: 0,100
[1585089512,358][SEVERE]: Timed out receiving message from renderer: 0,100
[1585089512,460][SEVERE]: Timed out receiving message from renderer: 0,100
[1585089512,562][SEVERE]: Timed out receiving message from renderer: 0,100
[1585089512,663][SEVERE]: Timed out receiving message from renderer: 0,100
[1585089512,765][SEVERE]: Timed out receiving message from renderer: 0,100
[1585089512,866][SEVERE]: Timed out receiving message from renderer: 0,100
[1585089512,968][SEVERE]: Timed out receiving message from renderer: 0,100
[1585089513,070][SEVERE]: Timed out receiving message from renderer: 0,100
[1585089513,171][SEVERE]: Timed out receiving message from renderer: 0,100
[1585089513,273][SEVERE]: Timed out receiving message from renderer: 0,100
[1585089513,374][SEVERE]: Timed out receiving message from renderer: 0,100
[1585089513,476][SEVERE]: Timed out receiving message from renderer: 0,100
[1585089513,578][SEVERE]: Timed out receiving message from renderer: 0,100
[1585089513,680][SEVERE]: Timed out receiving message from renderer: 0,100
[1585089513,781][SEVERE]: Timed out receiving message from renderer: 0,100
[1585089513,883][SEVERE]: Timed out receiving message from renderer: 0,100
[1585089513,985][SEVERE]: Timed out receiving message from renderer: 0,100
[1585089514,086][SEVERE]: Timed out receiving message from renderer: 0,100
[1585089514,188][SEVERE]: Timed out receiving message from renderer: 0,100
[1585089514,289][SEVERE]: Timed out receiving message from renderer: 0,100
[1585089514,391][SEVERE]: Timed out receiving message from renderer: 0,100
[1585089514,493][SEVERE]: Timed out receiving message from renderer: 0,100
[1585089514,594][SEVERE]: Timed out receiving message from renderer: 0,100
[1585089514,696][SEVERE]: Timed out receiving message from renderer: 0,100
[1585089514,798][SEVERE]: Timed out receiving message from renderer: 0,100
[1585089514,899][SEVERE]: Timed out receiving message from renderer: 0,100
[1585089515,001][SEVERE]: Timed out receiving message from renderer: 0,100
[1585089515,103][SEVERE]: Timed out receiving message from renderer: 0,100
[1585089515,204][SEVERE]: Timed out receiving message from renderer: 0,100
[1585089515,307][SEVERE]: Timed out receiving message from renderer: 0,100
[1585089515,409][SEVERE]: Timed out receiving message from renderer: 0,100
[1585089515,510][SEVERE]: Timed out receiving message from renderer: 0,100
[1585089515,612][SEVERE]: Timed out receiving message from renderer: 0,100
[1585089515,713][SEVERE]: Timed out receiving message from renderer: 0,100
[1585089515,815][SEVERE]: Timed out receiving message from renderer: 0,100
[1585089515,917][SEVERE]: Timed out receiving message from renderer: 0,100
[1585089516,019][SEVERE]: Timed out receiving message from renderer: 0,100
[1585089516,121][SEVERE]: Timed out receiving message from renderer: 0,100
[1585089516,222][SEVERE]: Timed out receiving message from renderer: 0,100
[1585089516,324][SEVERE]: Timed out receiving message from renderer: 0,100
[1585089516,426][SEVERE]: Timed out receiving message from renderer: 0,100
[1585089516,528][SEVERE]: Timed out receiving message from renderer: 0,100
[1585089516,630][SEVERE]: Timed out receiving message from renderer: 0,100
[1585089516,736][SEVERE]: Timed out receiving message from renderer: 0,100
[1585089518,181][SEVERE]: Timed out receiving message from renderer: 0,100
[1585089518,462][SEVERE]: Timed out receiving message from renderer: 0,100
[1585089518,564][SEVERE]: Timed out receiving message from renderer: 0,100
[1585089518,666][SEVERE]: Timed out receiving message from renderer: 0,100
[1585089518,768][SEVERE]: Timed out receiving message from renderer: 0,100
[1585089518,869][SEVERE]: Timed out receiving message from renderer: 0,100
[1585089518,971][SEVERE]: Timed out receiving message from renderer: 0,100
[1585089519,073][SEVERE]: Timed out receiving message from renderer: 0,100
[1585089519,174][SEVERE]: Timed out receiving message from renderer: 0,100
[1585089519,276][SEVERE]: Timed out receiving message from renderer: 0,100
[1585089519,377][SEVERE]: Timed out receiving message from renderer: 0,100
[1585089519,479][SEVERE]: Timed out receiving message from renderer: 0,100
[1585089519,580][SEVERE]: Timed out receiving message from renderer: 0,100
[1585089519,682][SEVERE]: Timed out receiving message from renderer: 0,100
[1585089519,784][SEVERE]: Timed out receiving message from renderer: 0,100
[1585089519,885][SEVERE]: Timed out receiving message from renderer: 0,100
[1585089519,987][SEVERE]: Timed out receiving message from renderer: 0,100
[1585089520,089][SEVERE]: Timed out receiving message from renderer: 0,100
[1585089520,190][SEVERE]: Timed out receiving message from renderer: 0,100
[1585089520,292][SEVERE]: Timed out receiving message from renderer: 0,100
[1585089520,393][SEVERE]: Timed out receiving message from renderer: 0,100
[1585089520,495][SEVERE]: Timed out receiving message from renderer: 0,100
[1585089520,597][SEVERE]: Timed out receiving message from renderer: 0,100
[1585089520,698][SEVERE]: Timed out receiving message from renderer: 0,100
[1585089520,800][SEVERE]: Timed out receiving message from renderer: 0,100
[1585089520,902][SEVERE]: Timed out receiving message from renderer: 0,100
[1585089521,003][SEVERE]: Timed out receiving message from renderer: 0,100
[1585089521,104][SEVERE]: Timed out receiving message from renderer: 0,100
[1585089521,206][SEVERE]: Timed out receiving message from renderer: 0,100
[1585089521,307][SEVERE]: Timed out receiving message from renderer: 0,100
[1585089521,409][SEVERE]: Timed out receiving message from renderer: 0,100
[1585089521,510][SEVERE]: Timed out receiving message from renderer: 0,100
[1585089521,612][SEVERE]: Timed out receiving message from renderer: 0,100
[1585089521,713][SEVERE]: Timed out receiving message from renderer: 0,100
[1585089521,815][SEVERE]: Timed out receiving message from renderer: 0,100
[1585089521,917][SEVERE]: Timed out receiving message from renderer: 0,100
[1585089522,019][SEVERE]: Timed out receiving message from renderer: 0,100
[1585089522,120][SEVERE]: Timed out receiving message from renderer: 0,100
[1585089522,222][SEVERE]: Timed out receiving message from renderer: 0,100
[1585089522,324][SEVERE]: Timed out receiving message from renderer: 0,100
[1585089522,426][SEVERE]: Timed out receiving message from renderer: 0,100
[1585089522,528][SEVERE]: Timed out receiving message from renderer: 0,100
[1585089522,629][SEVERE]: Timed out receiving message from renderer: 0,100
[1585089522,731][SEVERE]: Timed out receiving message from renderer: 0,100
[1585089522,833][SEVERE]: Timed out receiving message from renderer: 0,100
[1585089522,935][SEVERE]: Timed out receiving message from renderer: 0,100
[1585089523,036][SEVERE]: Timed out receiving message from renderer: 0,100
[1585089523,138][SEVERE]: Timed out receiving message from renderer: 0,100
[1585089528,571][SEVERE]: Timed out receiving message from renderer: 0,100
[1585089528,672][SEVERE]: Timed out receiving message from renderer: 0,100
[1585089528,774][SEVERE]: Timed out receiving message from renderer: 0,100
[1585089528,875][SEVERE]: Timed out receiving message from renderer: 0,100
[1585089528,977][SEVERE]: Timed out receiving message from renderer: 0,100
[1585089529,079][SEVERE]: Timed out receiving message from renderer: 0,100
[1585089529,180][SEVERE]: Timed out receiving message from renderer: 0,100
[1585089529,282][SEVERE]: Timed out receiving message from renderer: 0,100
[1585089529,383][SEVERE]: Timed out receiving message from renderer: 0,100
[1585089529,485][SEVERE]: Timed out receiving message from renderer: 0,100
[1585089529,586][SEVERE]: Timed out receiving message from renderer: 0,100
[1585089529,688][SEVERE]: Timed out receiving message from renderer: 0,100
[1585089529,790][SEVERE]: Timed out receiving message from renderer: 0,100
[1585089529,891][SEVERE]: Timed out receiving message from renderer: 0,100
[1585089529,993][SEVERE]: Timed out receiving message from renderer: 0,100
[1585089530,095][SEVERE]: Timed out receiving message from renderer: 0,100
[1585089530,196][SEVERE]: Timed out receiving message from renderer: 0,100
[1585089530,298][SEVERE]: Timed out receiving message from renderer: 0,100
[1585089530,400][SEVERE]: Timed out receiving message from renderer: 0,100
[1585089530,502][SEVERE]: Timed out receiving message from renderer: 0,100
[1585089530,604][SEVERE]: Timed out receiving message from renderer: 0,100
[1585089530,705][SEVERE]: Timed out receiving message from renderer: 0,100
[1585089530,807][SEVERE]: Timed out receiving message from renderer: 0,100
[1585089530,909][SEVERE]: Timed out receiving message from renderer: 0,100
[1585089531,010][SEVERE]: Timed out receiving message from renderer: 0,100
[1585089531,112][SEVERE]: Timed out receiving message from renderer: 0,100
[1585089531,214][SEVERE]: Timed out receiving message from renderer: 0,100
[1585089531,316][SEVERE]: Timed out receiving message from renderer: 0,100
[1585089531,417][SEVERE]: Timed out receiving message from renderer: 0,100
[1585089531,519][SEVERE]: Timed out receiving message from renderer: 0,100
[1585089531,621][SEVERE]: Timed out receiving message from renderer: 0,100
[1585089531,723][SEVERE]: Timed out receiving message from renderer: 0,100
[1585089531,824][SEVERE]: Timed out receiving message from renderer: 0,100
[1585089531,926][SEVERE]: Timed out receiving message from renderer: 0,100
[1585089532,028][SEVERE]: Timed out receiving message from renderer: 0,100
[1585089532,129][SEVERE]: Timed out receiving message from renderer: 0,100
[1585089532,231][SEVERE]: Timed out receiving message from renderer: 0,100
[1585089532,333][SEVERE]: Timed out receiving message from renderer: 0,100
[1585089532,434][SEVERE]: Timed out receiving message from renderer: 0,100
[1585089532,536][SEVERE]: Timed out receiving message from renderer: 0,100
[1585089532,638][SEVERE]: Timed out receiving message from renderer: 0,100
[1585089532,740][SEVERE]: Timed out receiving message from renderer: 0,100
[1585089532,841][SEVERE]: Timed out receiving message from renderer: 0,100
[1585089532,943][SEVERE]: Timed out receiving message from renderer: 0,100
[1585089533,045][SEVERE]: Timed out receiving message from renderer: 0,100
[1585089533,146][SEVERE]: Timed out receiving message from renderer: 0,100
[1585089533,248][SEVERE]: Timed out receiving message from renderer: 0,100
[1585089533,350][SEVERE]: Timed out receiving message from renderer: 0,100
[1585089533,451][SEVERE]: Timed out receiving message from renderer: 0,100
[1585089533,553][SEVERE]: Timed out receiving message from renderer: 0,100
[1585089533,655][SEVERE]: Timed out receiving message from renderer: 0,100
[1585089533,757][SEVERE]: Timed out receiving message from renderer: 0,100
[1585089533,858][SEVERE]: Timed out receiving message from renderer: 0,100
[1585089533,960][SEVERE]: Timed out receiving message from renderer: 0,100
[1585089534,061][SEVERE]: Timed out receiving message from renderer: 0,100
[1585089534,163][SEVERE]: Timed out receiving message from renderer: 0,100
[1585089534,265][SEVERE]: Timed out receiving message from renderer: 0,100
[1585089534,369][SEVERE]: Timed out receiving message from renderer: 0,100
[1585089535,741][SEVERE]: Timed out receiving message from renderer: 0,100
[1585089535,910][SEVERE]: Timed out receiving message from renderer: 0,100
[1585089536,029][SEVERE]: Timed out receiving message from renderer: 0,100
[1585089536,131][SEVERE]: Timed out receiving message from renderer: 0,100
[1585089536,233][SEVERE]: Timed out receiving message from renderer: 0,100
[1585089536,334][SEVERE]: Timed out receiving message from renderer: 0,100
[1585089536,436][SEVERE]: Timed out receiving message from renderer: 0,100
[1585089536,538][SEVERE]: Timed out receiving message from renderer: 0,100
[1585089536,639][SEVERE]: Timed out receiving message from renderer: 0,100
[1585089536,741][SEVERE]: Timed out receiving message from renderer: 0,100
[1585089536,843][SEVERE]: Timed out receiving message from renderer: 0,100
[1585089536,944][SEVERE]: Timed out receiving message from renderer: 0,100
[1585089537,046][SEVERE]: Timed out receiving message from renderer: 0,100
[1585089537,147][SEVERE]: Timed out receiving message from renderer: 0,100
[1585089537,249][SEVERE]: Timed out receiving message from renderer: 0,100
[1585089537,350][SEVERE]: Timed out receiving message from renderer: 0,100
[1585089537,452][SEVERE]: Timed out receiving message from renderer: 0,100
[1585089537,554][SEVERE]: Timed out receiving message from renderer: 0,100
[1585089537,655][SEVERE]: Timed out receiving message from renderer: 0,100
[1585089537,757][SEVERE]: Timed out receiving message from renderer: 0,100
[1585089537,859][SEVERE]: Timed out receiving message from renderer: 0,100
[1585089537,961][SEVERE]: Timed out receiving message from renderer: 0,100
[1585089538,062][SEVERE]: Timed out receiving message from renderer: 0,100
[1585089538,164][SEVERE]: Timed out receiving message from renderer: 0,100
[1585089538,266][SEVERE]: Timed out receiving message from renderer: 0,100
[1585089538,367][SEVERE]: Timed out receiving message from renderer: 0,100
[1585089538,469][SEVERE]: Timed out receiving message from renderer: 0,100
[1585089538,570][SEVERE]: Timed out receiving message from renderer: 0,100
[1585089538,672][SEVERE]: Timed out receiving message from renderer: 0,100
[1585089538,773][SEVERE]: Timed out receiving message from renderer: 0,100
[1585089538,874][SEVERE]: Timed out receiving message from renderer: 0,100
[1585089538,976][SEVERE]: Timed out receiving message from renderer: 0,100
[1585089539,077][SEVERE]: Timed out receiving message from renderer: 0,100
[1585089539,179][SEVERE]: Timed out receiving message from renderer: 0,100
[1585089539,280][SEVERE]: Timed out receiving message from renderer: 0,100
[1585089539,381][SEVERE]: Timed out receiving message from renderer: 0,100
[1585089539,483][SEVERE]: Timed out receiving message from renderer: 0,100
[1585089539,584][SEVERE]: Timed out receiving message from renderer: 0,100
[1585089539,686][SEVERE]: Timed out receiving message from renderer: 0,100
[1585089539,788][SEVERE]: Timed out receiving message from renderer: 0,100
[1585089539,889][SEVERE]: Timed out receiving message from renderer: 0,100
[1585089539,991][SEVERE]: Timed out receiving message from renderer: 0,100
[1585089540,093][SEVERE]: Timed out receiving message from renderer: 0,100
[1585089540,194][SEVERE]: Timed out receiving message from renderer: 0,100
[1585089540,296][SEVERE]: Timed out receiving message from renderer: 0,100
[1585089540,398][SEVERE]: Timed out receiving message from renderer: 0,100
[1585089540,500][SEVERE]: Timed out receiving message from renderer: 0,100
[1585089540,601][SEVERE]: Timed out receiving message from renderer: 0,100
[1585089540,703][SEVERE]: Timed out receiving message from renderer: 0,100
[1585089540,804][SEVERE]: Timed out receiving message from renderer: 0,100
[1585089540,906][SEVERE]: Timed out receiving message from renderer: 0,100
[1585089541,008][SEVERE]: Timed out receiving message from renderer: 0,100
[1585089541,110][SEVERE]: Timed out receiving message from renderer: 0,100
[1585089541,211][SEVERE]: Timed out receiving message from renderer: 0,100
[1585089541,313][SEVERE]: Timed out receiving message from renderer: 0,100
[1585089541,415][SEVERE]: Timed out receiving message from renderer: 0,100
[1585089541,516][SEVERE]: Timed out receiving message from renderer: 0,100
[1585089541,618][SEVERE]: Timed out receiving message from renderer: 0,100
[1585089541,720][SEVERE]: Timed out receiving message from renderer: 0,100
[1585089558,851][SEVERE]: Timed out receiving message from renderer: 0,100
[1585089558,954][SEVERE]: Timed out receiving message from renderer: 0,100
[1585089559,057][SEVERE]: Timed out receiving message from renderer: 0,100
[1585089559,159][SEVERE]: Timed out receiving message from renderer: 0,100
[1585089559,260][SEVERE]: Timed out receiving message from renderer: 0,100
[1585089559,362][SEVERE]: Timed out receiving message from renderer: 0,100
[1585089559,464][SEVERE]: Timed out receiving message from renderer: 0,100
[1585089559,566][SEVERE]: Timed out receiving message from renderer: 0,100
[1585089559,667][SEVERE]: Timed out receiving message from renderer: 0,100
[1585089559,769][SEVERE]: Timed out receiving message from renderer: 0,100
[1585089559,871][SEVERE]: Timed out receiving message from renderer: 0,100
[1585089559,972][SEVERE]: Timed out receiving message from renderer: 0,100
[1585089560,074][SEVERE]: Timed out receiving message from renderer: 0,100
[1585089560,176][SEVERE]: Timed out receiving message from renderer: 0,100
[1585089560,278][SEVERE]: Timed out receiving message from renderer: 0,100
[1585089560,379][SEVERE]: Timed out receiving message from renderer: 0,100
[1585089560,481][SEVERE]: Timed out receiving message from renderer: 0,100
[1585089560,583][SEVERE]: Timed out receiving message from renderer: 0,100
[1585089560,685][SEVERE]: Timed out receiving message from renderer: 0,100
[1585089560,786][SEVERE]: Timed out receiving message from renderer: 0,100
[1585089560,888][SEVERE]: Timed out receiving message from renderer: 0,100
[1585089560,990][SEVERE]: Timed out receiving message from renderer: 0,100
[1585089561,091][SEVERE]: Timed out receiving message from renderer: 0,100
[1585089561,193][SEVERE]: Timed out receiving message from renderer: 0,100
[1585089561,295][SEVERE]: Timed out receiving message from renderer: 0,100
[1585089561,397][SEVERE]: Timed out receiving message from renderer: 0,100
[1585089561,499][SEVERE]: Timed out receiving message from renderer: 0,100
[1585089561,601][SEVERE]: Timed out receiving message from renderer: 0,100
[1585089561,702][SEVERE]: Timed out receiving message from renderer: 0,100
[1585089561,804][SEVERE]: Timed out receiving message from renderer: 0,100
[1585089561,906][SEVERE]: Timed out receiving message from renderer: 0,100
[1585089562,007][SEVERE]: Timed out receiving message from renderer: 0,100
[1585089563,458][SEVERE]: Timed out receiving message from renderer: 0,100
[1585089563,723][SEVERE]: Timed out receiving message from renderer: 0,100
[1585089563,824][SEVERE]: Timed out receiving message from renderer: 0,100
[1585089563,926][SEVERE]: Timed out receiving message from renderer: 0,100
[1585089564,028][SEVERE]: Timed out receiving message from renderer: 0,100
[1585089564,129][SEVERE]: Timed out receiving message from renderer: 0,100
[1585089564,231][SEVERE]: Timed out receiving message from renderer: 0,100
[1585089564,332][SEVERE]: Timed out receiving message from renderer: 0,100
[1585089564,434][SEVERE]: Timed out receiving message from renderer: 0,100
[1585089564,536][SEVERE]: Timed out receiving message from renderer: 0,100
[1585089564,637][SEVERE]: Timed out receiving message from renderer: 0,100
[1585089564,739][SEVERE]: Timed out receiving message from renderer: 0,100
[1585089564,841][SEVERE]: Timed out receiving message from renderer: 0,100
[1585089564,943][SEVERE]: Timed out receiving message from renderer: 0,100
[1585089565,044][SEVERE]: Timed out receiving message from renderer: 0,100
[1585089565,146][SEVERE]: Timed out receiving message from renderer: 0,100
[1585089565,248][SEVERE]: Timed out receiving message from renderer: 0,100
[1585089565,349][SEVERE]: Timed out receiving message from renderer: 0,100
[1585089565,450][SEVERE]: Timed out receiving message from renderer: 0,100
[1585089565,552][SEVERE]: Timed out receiving message from renderer: 0,100
[1585089565,654][SEVERE]: Timed out receiving message from renderer: 0,100
[1585089565,756][SEVERE]: Timed out receiving message from renderer: 0,100
[1585089565,857][SEVERE]: Timed out receiving message from renderer: 0,100
[1585089565,959][SEVERE]: Timed out receiving message from renderer: 0,100
[1585089566,061][SEVERE]: Timed out receiving message from renderer: 0,100
[1585089566,162][SEVERE]: Timed out receiving message from renderer: 0,100
[1585089566,264][SEVERE]: Timed out receiving message from renderer: 0,100
[1585089566,366][SEVERE]: Timed out receiving message from renderer: 0,100
[1585089566,468][SEVERE]: Timed out receiving message from renderer: 0,100
[1585089566,569][SEVERE]: Timed out receiving message from renderer: 0,100
[1585089566,671][SEVERE]: Timed out receiving message from renderer: 0,100
[1585089566,773][SEVERE]: Timed out receiving message from renderer: 0,100
[1585089566,874][SEVERE]: Timed out receiving message from renderer: 0,100
[1585089566,976][SEVERE]: Timed out receiving message from renderer: 0,100
[1585089567,077][SEVERE]: Timed out receiving message from renderer: 0,100
[1585089567,178][SEVERE]: Timed out receiving message from renderer: 0,100
[1585089567,280][SEVERE]: Timed out receiving message from renderer: 0,100
[1585089567,382][SEVERE]: Timed out receiving message from renderer: 0,100
[1585089567,483][SEVERE]: Timed out receiving message from renderer: 0,100
[1585089567,585][SEVERE]: Timed out receiving message from renderer: 0,100
[1585089571,019][SEVERE]: Timed out receiving message from renderer: 0,100
[1585089571,121][SEVERE]: Timed out receiving message from renderer: 0,100
[1585089571,223][SEVERE]: Timed out receiving message from renderer: 0,100
[1585089571,325][SEVERE]: Timed out receiving message from renderer: 0,100
[1585089571,427][SEVERE]: Timed out receiving message from renderer: 0,100
[1585089571,528][SEVERE]: Timed out receiving message from renderer: 0,100
[1585089571,630][SEVERE]: Timed out receiving message from renderer: 0,100
[1585089571,732][SEVERE]: Timed out receiving message from renderer: 0,100
[1585089571,833][SEVERE]: Timed out receiving message from renderer: 0,100
[1585089571,935][SEVERE]: Timed out receiving message from renderer: 0,100
[1585089572,037][SEVERE]: Timed out receiving message from renderer: 0,100
[1585089572,138][SEVERE]: Timed out receiving message from renderer: 0,100
[1585089572,240][SEVERE]: Timed out receiving message from renderer: 0,100
[1585089572,341][SEVERE]: Timed out receiving message from renderer: 0,100
[1585089572,443][SEVERE]: Timed out receiving message from renderer: 0,100
[1585089572,545][SEVERE]: Timed out receiving message from renderer: 0,100
[1585089572,646][SEVERE]: Timed out receiving message from renderer: 0,100
[1585089572,748][SEVERE]: Timed out receiving message from renderer: 0,100
[1585089572,850][SEVERE]: Timed out receiving message from renderer: 0,100
[1585089572,952][SEVERE]: Timed out receiving message from renderer: 0,100
[1585089573,053][SEVERE]: Timed out receiving message from renderer: 0,100
[1585089573,155][SEVERE]: Timed out receiving message from renderer: 0,100
[1585089573,256][SEVERE]: Timed out receiving message from renderer: 0,100
[1585089573,358][SEVERE]: Timed out receiving message from renderer: 0,100
[1585089573,460][SEVERE]: Timed out receiving message from renderer: 0,100
[1585089573,562][SEVERE]: Timed out receiving message from renderer: 0,100
[1585089573,664][SEVERE]: Timed out receiving message from renderer: 0,100
[1585089573,765][SEVERE]: Timed out receiving message from renderer: 0,100
[1585089573,867][SEVERE]: Timed out receiving message from renderer: 0,100
[1585089573,969][SEVERE]: Timed out receiving message from renderer: 0,100
[1585089574,070][SEVERE]: Timed out receiving message from renderer: 0,100
[1585089574,172][SEVERE]: Timed out receiving message from renderer: 0,100
[1585089574,274][SEVERE]: Timed out receiving message from renderer: 0,100
[1585089574,376][SEVERE]: Timed out receiving message from renderer: 0,100
[1585089574,477][SEVERE]: Timed out receiving message from renderer: 0,100
[1585089574,579][SEVERE]: Timed out receiving message from renderer: 0,100
[1585089574,680][SEVERE]: Timed out receiving message from renderer: 0,100
[1585089574,782][SEVERE]: Timed out receiving message from renderer: 0,100
[1585089574,884][SEVERE]: Timed out receiving message from renderer: 0,100
[1585089574,986][SEVERE]: Timed out receiving message from renderer: 0,100
[1585089575,087][SEVERE]: Timed out receiving message from renderer: 0,100
[1585089575,189][SEVERE]: Timed out receiving message from renderer: 0,100
[1585089575,291][SEVERE]: Timed out receiving message from renderer: 0,100
[1585089575,393][SEVERE]: Timed out receiving message from renderer: 0,100
[1585089575,495][SEVERE]: Timed out receiving message from renderer: 0,100
[1585089576,897][SEVERE]: Timed out receiving message from renderer: 0,100
[1585089577,134][SEVERE]: Timed out receiving message from renderer: 0,100
[1585089577,235][SEVERE]: Timed out receiving message from renderer: 0,100
[1585089577,337][SEVERE]: Timed out receiving message from renderer: 0,100
[1585089577,439][SEVERE]: Timed out receiving message from renderer: 0,100
[1585089577,541][SEVERE]: Timed out receiving message from renderer: 0,100
[1585089577,642][SEVERE]: Timed out receiving message from renderer: 0,100
[1585089577,744][SEVERE]: Timed out receiving message from renderer: 0,100
[1585089577,846][SEVERE]: Timed out receiving message from renderer: 0,100
[1585089577,947][SEVERE]: Timed out receiving message from renderer: 0,100
[1585089578,049][SEVERE]: Timed out receiving message from renderer: 0,100
[1585089578,150][SEVERE]: Timed out receiving message from renderer: 0,100
[1585089578,263][SEVERE]: Timed out receiving message from renderer: 0,100
[1585089578,364][SEVERE]: Timed out receiving message from renderer: 0,100
[1585089578,466][SEVERE]: Timed out receiving message from renderer: 0,100
[1585089578,568][SEVERE]: Timed out receiving message from renderer: 0,100
[1585089578,669][SEVERE]: Timed out receiving message from renderer: 0,100
[1585089578,771][SEVERE]: Timed out receiving message from renderer: 0,100
[1585089578,873][SEVERE]: Timed out receiving message from renderer: 0,100
[1585089578,974][SEVERE]: Timed out receiving message from renderer: 0,100
[1585089579,076][SEVERE]: Timed out receiving message from renderer: 0,100
[1585089579,178][SEVERE]: Timed out receiving message from renderer: 0,100
[1585089579,279][SEVERE]: Timed out receiving message from renderer: 0,100
[1585089579,381][SEVERE]: Timed out receiving message from renderer: 0,100
[1585089579,483][SEVERE]: Timed out receiving message from renderer: 0,100
[1585089579,584][SEVERE]: Timed out receiving message from renderer: 0,100
[1585089579,686][SEVERE]: Timed out receiving message from renderer: 0,100
[1585089579,787][SEVERE]: Timed out receiving message from renderer: 0,100
[1585089579,889][SEVERE]: Timed out receiving message from renderer: 0,100
[1585089579,990][SEVERE]: Timed out receiving message from renderer: 0,100
[1585089580,091][SEVERE]: Timed out receiving message from renderer: 0,100
[1585089580,193][SEVERE]: Timed out receiving message from renderer: 0,100
[1585089580,295][SEVERE]: Timed out receiving message from renderer: 0,100
[1585089580,396][SEVERE]: Timed out receiving message from renderer: 0,100
[1585089580,498][SEVERE]: Timed out receiving message from renderer: 0,100
[1585089580,599][SEVERE]: Timed out receiving message from renderer: 0,100
[1585089580,701][SEVERE]: Timed out receiving message from renderer: 0,100
[1585089580,802][SEVERE]: Timed out receiving message from renderer: 0,100
[1585089580,904][SEVERE]: Timed out receiving message from renderer: 0,100
[1585089581,006][SEVERE]: Timed out receiving message from renderer: 0,100
[1585089581,107][SEVERE]: Timed out receiving message from renderer: 0,100
[1585089581,209][SEVERE]: Timed out receiving message from renderer: 0,100
[1585089581,310][SEVERE]: Timed out receiving message from renderer: 0,100
[1585089581,412][SEVERE]: Timed out receiving message from renderer: 0,100
[1585089581,513][SEVERE]: Timed out receiving message from renderer: 0,100
[1585089581,615][SEVERE]: Timed out receiving message from renderer: 0,100
[1585089581,717][SEVERE]: Timed out receiving message from renderer: 0,100
[1585089581,818][SEVERE]: Timed out receiving message from renderer: 0,100
[1585089581,920][SEVERE]: Timed out receiving message from renderer: 0,100
[1585089582,022][SEVERE]: Timed out receiving message from renderer: 0,100
[1585089582,124][SEVERE]: Timed out receiving message from renderer: 0,100
[1585089582,225][SEVERE]: Timed out receiving message from renderer: 0,100
[1585089582,327][SEVERE]: Timed out receiving message from renderer: 0,100
[1585089582,429][SEVERE]: Timed out receiving message from renderer: 0,100
[1585089582,530][SEVERE]: Timed out receiving message from renderer: 0,100
[1585089582,632][SEVERE]: Timed out receiving message from renderer: 0,100
[1585089582,733][SEVERE]: Timed out receiving message from renderer: 0,100
[1585089582,835][SEVERE]: Timed out receiving message from renderer: 0,100
[1585089582,937][SEVERE]: Timed out receiving message from renderer: 0,100
[1585089583,038][SEVERE]: Timed out receiving message from renderer: 0,100
[1585089583,140][SEVERE]: Timed out receiving message from renderer: 0,100
[1585089583,242][SEVERE]: Timed out receiving message from renderer: 0,100
[1585089583,343][SEVERE]: Timed out receiving message from renderer: 0,100
[1585089583,445][SEVERE]: Timed out receiving message from renderer: 0,100
[1585089583,547][SEVERE]: Timed out receiving message from renderer: 0,100
[1585089583,648][SEVERE]: Timed out receiving message from renderer: 0,100
[1585089583,750][SEVERE]: Timed out receiving message from renderer: 0,100
[1585089583,851][SEVERE]: Timed out receiving message from renderer: 0,100
[1585089583,953][SEVERE]: Timed out receiving message from renderer: 0,100
[1585089584,054][SEVERE]: Timed out receiving message from renderer: 0,100
[1585089584,156][SEVERE]: Timed out receiving message from renderer: 0,100
[1585089584,258][SEVERE]: Timed out receiving message from renderer: 0,100
[1585089584,360][SEVERE]: Timed out receiving message from renderer: 0,100
[1585089584,461][SEVERE]: Timed out receiving message from renderer: 0,100
[1585089584,563][SEVERE]: Timed out receiving message from renderer: 0,100
[1585089584,665][SEVERE]: Timed out receiving message from renderer: 0,100
[1585089584,767][SEVERE]: Timed out receiving message from renderer: 0,100
[1585089584,869][SEVERE]: Timed out receiving message from renderer: 0,100
[1585089584,970][SEVERE]: Timed out receiving message from renderer: 0,100
[1585089585,071][SEVERE]: Timed out receiving message from renderer: 0,100
[1585089585,173][SEVERE]: Timed out receiving message from renderer: 0,100
[1585089585,275][SEVERE]: Timed out receiving message from renderer: 0,100
[1585089585,376][SEVERE]: Timed out receiving message from renderer: 0,100
[1585089585,478][SEVERE]: Timed out receiving message from renderer: 0,100
[1585089585,580][SEVERE]: Timed out receiving message from renderer: 0,100
[1585089585,682][SEVERE]: Timed out receiving message from renderer: 0,100
[1585089585,784][SEVERE]: Timed out receiving message from renderer: 0,100
[1585089588,296][SEVERE]: Timed out receiving message from renderer: 0,100
[1585089588,398][SEVERE]: Timed out receiving message from renderer: 0,100
[1585089588,499][SEVERE]: Timed out receiving message from renderer: 0,100
[1585089588,601][SEVERE]: Timed out receiving message from renderer: 0,100
[1585089588,703][SEVERE]: Timed out receiving message from renderer: 0,100
[1585089588,804][SEVERE]: Timed out receiving message from renderer: 0,100
[1585089588,906][SEVERE]: Timed out receiving message from renderer: 0,100
[1585089589,008][SEVERE]: Timed out receiving message from renderer: 0,100
[1585089589,109][SEVERE]: Timed out receiving message from renderer: 0,100
[1585089589,211][SEVERE]: Timed out receiving message from renderer: 0,100
[1585089589,313][SEVERE]: Timed out receiving message from renderer: 0,100
[1585089589,414][SEVERE]: Timed out receiving message from renderer: 0,100
[1585089589,516][SEVERE]: Timed out receiving message from renderer: 0,100
[1585089589,618][SEVERE]: Timed out receiving message from renderer: 0,100
[1585089589,720][SEVERE]: Timed out receiving message from renderer: 0,100
[1585089589,821][SEVERE]: Timed out receiving message from renderer: 0,100
[1585089589,923][SEVERE]: Timed out receiving message from renderer: 0,100
[1585089590,025][SEVERE]: Timed out receiving message from renderer: 0,100
[1585089590,127][SEVERE]: Timed out receiving message from renderer: 0,100
[1585089590,228][SEVERE]: Timed out receiving message from renderer: 0,100
[1585089590,330][SEVERE]: Timed out receiving message from renderer: 0,100
[1585089590,432][SEVERE]: Timed out receiving message from renderer: 0,100
[1585089590,534][SEVERE]: Timed out receiving message from renderer: 0,100
[1585089590,637][SEVERE]: Timed out receiving message from renderer: 0,100
[1585089590,739][SEVERE]: Timed out receiving message from renderer: 0,100
[1585089590,841][SEVERE]: Timed out receiving message from renderer: 0,100
[1585089590,942][SEVERE]: Timed out receiving message from renderer: 0,100
[1585089591,044][SEVERE]: Timed out receiving message from renderer: 0,100
[1585089591,146][SEVERE]: Timed out receiving message from renderer: 0,100
[1585089592,592][SEVERE]: Timed out receiving message from renderer: 0,100
[1585089592,726][SEVERE]: Timed out receiving message from renderer: 0,100
[1585089592,843][SEVERE]: Timed out receiving message from renderer: 0,100
[1585089592,945][SEVERE]: Timed out receiving message from renderer: 0,100
[1585089593,046][SEVERE]: Timed out receiving message from renderer: 0,100
[1585089593,148][SEVERE]: Timed out receiving message from renderer: 0,100
[1585089593,249][SEVERE]: Timed out receiving message from renderer: 0,100
[1585089593,351][SEVERE]: Timed out receiving message from renderer: 0,100
[1585089596,367][SEVERE]: Timed out receiving message from renderer: 0,100
[1585089596,472][SEVERE]: Timed out receiving message from renderer: 0,100
[1585089596,574][SEVERE]: Timed out receiving message from renderer: 0,100
[1585089596,676][SEVERE]: Timed out receiving message from renderer: 0,100
[1585089596,777][SEVERE]: Timed out receiving message from renderer: 0,100
[1585089596,879][SEVERE]: Timed out receiving message from renderer: 0,100
[1585089596,981][SEVERE]: Timed out receiving message from renderer: 0,100
[1585089597,083][SEVERE]: Timed out receiving message from renderer: 0,100
[1585089597,184][SEVERE]: Timed out receiving message from renderer: 0,100
[1585089597,286][SEVERE]: Timed out receiving message from renderer: 0,100
[1585089597,387][SEVERE]: Timed out receiving message from renderer: 0,100
[1585089597,489][SEVERE]: Timed out receiving message from renderer: 0,100
[1585089597,591][SEVERE]: Timed out receiving message from renderer: 0,100
[1585089597,693][SEVERE]: Timed out receiving message from renderer: 0,100
[1585089597,794][SEVERE]: Timed out receiving message from renderer: 0,100
[1585089597,896][SEVERE]: Timed out receiving message from renderer: 0,100
[1585089597,998][SEVERE]: Timed out receiving message from renderer: 0,100
[1585089598,099][SEVERE]: Timed out receiving message from renderer: 0,100
[1585089598,201][SEVERE]: Timed out receiving message from renderer: 0,100
[1585089598,303][SEVERE]: Timed out receiving message from renderer: 0,100
[1585089598,404][SEVERE]: Timed out receiving message from renderer: 0,100
[1585089598,506][SEVERE]: Timed out receiving message from renderer: 0,100
[1585089598,608][SEVERE]: Timed out receiving message from renderer: 0,100
[1585089598,710][SEVERE]: Timed out receiving message from renderer: 0,100
[1585089598,812][SEVERE]: Timed out receiving message from renderer: 0,100
[1585089598,914][SEVERE]: Timed out receiving message from renderer: 0,100
[1585089599,015][SEVERE]: Timed out receiving message from renderer: 0,100
[1585089599,117][SEVERE]: Timed out receiving message from renderer: 0,100
[1585089599,219][SEVERE]: Timed out receiving message from renderer: 0,100
[1585089599,321][SEVERE]: Timed out receiving message from renderer: 0,100
[1585089599,422][SEVERE]: Timed out receiving message from renderer: 0,100
[1585089600,903][SEVERE]: Timed out receiving message from renderer: 0,100
[1585089601,028][SEVERE]: Timed out receiving message from renderer: 0,100
[1585089601,136][SEVERE]: Timed out receiving message from renderer: 0,100
[1585089601,255][SEVERE]: Timed out receiving message from renderer: 0,100
[1585089601,357][SEVERE]: Timed out receiving message from renderer: 0,100
[1585089601,458][SEVERE]: Timed out receiving message from renderer: 0,100
[1585089601,560][SEVERE]: Timed out receiving message from renderer: 0,100
[1585089601,662][SEVERE]: Timed out receiving message from renderer: 0,100
[1585089601,764][SEVERE]: Timed out receiving message from renderer: 0,100
[1585089601,866][SEVERE]: Timed out receiving message from renderer: 0,100
[1585089601,967][SEVERE]: Timed out receiving message from renderer: 0,100
[1585089602,069][SEVERE]: Timed out receiving message from renderer: 0,100
[1585089602,171][SEVERE]: Timed out receiving message from renderer: 0,100
[1585089602,272][SEVERE]: Timed out receiving message from renderer: 0,100
[1585089602,374][SEVERE]: Timed out receiving message from renderer: 0,100
[1585089602,475][SEVERE]: Timed out receiving message from renderer: 0,100
[1585089602,577][SEVERE]: Timed out receiving message from renderer: 0,100
[1585089602,679][SEVERE]: Timed out receiving message from renderer: 0,100
[1585089602,780][SEVERE]: Timed out receiving message from renderer: 0,100
[1585089602,882][SEVERE]: Timed out receiving message from renderer: 0,100
[1585089602,983][SEVERE]: Timed out receiving message from renderer: 0,100
[1585089603,085][SEVERE]: Timed out receiving message from renderer: 0,100
[1585089603,186][SEVERE]: Timed out receiving message from renderer: 0,100
[1585089603,288][SEVERE]: Timed out receiving message from renderer: 0,100
[1585089603,390][SEVERE]: Timed out receiving message from renderer: 0,100
[1585089603,491][SEVERE]: Timed out receiving message from renderer: 0,100
[1585089603,593][SEVERE]: Timed out receiving message from renderer: 0,100
[1585089603,694][SEVERE]: Timed out receiving message from renderer: 0,100
[1585089603,797][SEVERE]: Timed out receiving message from renderer: 0,100
[1585089603,898][SEVERE]: Timed out receiving message from renderer: 0,100
[1585089604,000][SEVERE]: Timed out receiving message from renderer: 0,100
[1585089604,101][SEVERE]: Timed out receiving message from renderer: 0,100
[1585089604,204][SEVERE]: Timed out receiving message from renderer: 0,100
[1585089604,306][SEVERE]: Timed out receiving message from renderer: 0,100
[1585089604,407][SEVERE]: Timed out receiving message from renderer: 0,100
[1585089604,509][SEVERE]: Timed out receiving message from renderer: 0,100
[1585089604,610][SEVERE]: Timed out receiving message from renderer: 0,100
[1585089604,711][SEVERE]: Timed out receiving message from renderer: 0,100
[1585089604,813][SEVERE]: Timed out receiving message from renderer: 0,100
[1585089604,915][SEVERE]: Timed out receiving message from renderer: 0,100
[1585089605,016][SEVERE]: Timed out receiving message from renderer: 0,100
[1585089605,118][SEVERE]: Timed out receiving message from renderer: 0,100
[1585089605,220][SEVERE]: Timed out receiving message from renderer: 0,100
[1585089605,321][SEVERE]: Timed out receiving message from renderer: 0,100
[1585089605,423][SEVERE]: Timed out receiving message from renderer: 0,100
[1585089605,524][SEVERE]: Timed out receiving message from renderer: 0,100
[1585089605,626][SEVERE]: Timed out receiving message from renderer: 0,100
[1585089605,727][SEVERE]: Timed out receiving message from renderer: 0,100
[1585089605,829][SEVERE]: Timed out receiving message from renderer: 0,100
[1585089605,931][SEVERE]: Timed out receiving message from renderer: 0,100
[1585089606,033][SEVERE]: Timed out receiving message from renderer: 0,100
[1585089606,134][SEVERE]: Timed out receiving message from renderer: 0,100
[1585089606,236][SEVERE]: Timed out receiving message from renderer: 0,100
[1585089606,338][SEVERE]: Timed out receiving message from renderer: 0,100
[1585089606,440][SEVERE]: Timed out receiving message from renderer: 0,100
[1585089606,541][SEVERE]: Timed out receiving message from renderer: 0,100
[1585089606,643][SEVERE]: Timed out receiving message from renderer: 0,100
[1585089606,745][SEVERE]: Timed out receiving message from renderer: 0,100
[1585089606,847][SEVERE]: Timed out receiving message from renderer: 0,100
[1585089606,948][SEVERE]: Timed out receiving message from renderer: 0,100
[1585089607,050][SEVERE]: Timed out receiving message from renderer: 0,100
[1585089607,152][SEVERE]: Timed out receiving message from renderer: 0,100
[1585089607,253][SEVERE]: Timed out receiving message from renderer: 0,100
[1585089607,355][SEVERE]: Timed out receiving message from renderer: 0,100
[1585089607,456][SEVERE]: Timed out receiving message from renderer: 0,100
[1585089607,558][SEVERE]: Timed out receiving message from renderer: 0,100
[1585089607,660][SEVERE]: Timed out receiving message from renderer: 0,100
[1585089607,762][SEVERE]: Timed out receiving message from renderer: 0,100
[1585089607,864][SEVERE]: Timed out receiving message from renderer: 0,100
[1585089607,966][SEVERE]: Timed out receiving message from renderer: 0,100
[1585089608,067][SEVERE]: Timed out receiving message from renderer: 0,100
[1585089608,169][SEVERE]: Timed out receiving message from renderer: 0,100
[1585089608,271][SEVERE]: Timed out receiving message from renderer: 0,100
[1585089608,372][SEVERE]: Timed out receiving message from renderer: 0,100
[1585089608,474][SEVERE]: Timed out receiving message from renderer: 0,100
[1585089608,576][SEVERE]: Timed out receiving message from renderer: 0,100
[1585089608,678][SEVERE]: Timed out receiving message from renderer: 0,100
[1585089608,779][SEVERE]: Timed out receiving message from renderer: 0,100
[1585089608,881][SEVERE]: Timed out receiving message from renderer: 0,100
[1585089608,983][SEVERE]: Timed out receiving message from renderer: 0,100
[1585089609,085][SEVERE]: Timed out receiving message from renderer: 0,100
[1585089609,187][SEVERE]: Timed out receiving message from renderer: 0,100
[1585089609,289][SEVERE]: Timed out receiving message from renderer: 0,100
[1585089609,393][SEVERE]: Timed out receiving message from renderer: 0,100
[1585089609,495][SEVERE]: Timed out receiving message from renderer: 0,100
[1585089609,597][SEVERE]: Timed out receiving message from renderer: 0,100
[1585089609,699][SEVERE]: Timed out receiving message from renderer: 0,100
[1585089609,800][SEVERE]: Timed out receiving message from renderer: 0,100
[1585089609,902][SEVERE]: Timed out receiving message from renderer: 0,100
[1585089610,004][SEVERE]: Timed out receiving message from renderer: 0,100
[1585089610,106][SEVERE]: Timed out receiving message from renderer: 0,100
[1585089613,962][SEVERE]: Timed out receiving message from renderer: 0,100
[1585089614,064][SEVERE]: Timed out receiving message from renderer: 0,100
[1585089614,166][SEVERE]: Timed out receiving message from renderer: 0,100
[1585089614,267][SEVERE]: Timed out receiving message from renderer: 0,100
[1585089614,369][SEVERE]: Timed out receiving message from renderer: 0,100
[1585089614,471][SEVERE]: Timed out receiving message from renderer: 0,100
[1585089614,573][SEVERE]: Timed out receiving message from renderer: 0,100
[1585089614,675][SEVERE]: Timed out receiving message from renderer: 0,100
[1585089614,776][SEVERE]: Timed out receiving message from renderer: 0,100
[1585089614,878][SEVERE]: Timed out receiving message from renderer: 0,100
[1585089614,979][SEVERE]: Timed out receiving message from renderer: 0,100
[1585089615,081][SEVERE]: Timed out receiving message from renderer: 0,100
[1585089615,183][SEVERE]: Timed out receiving message from renderer: 0,100
[1585089615,284][SEVERE]: Timed out receiving message from renderer: 0,100
[1585089615,386][SEVERE]: Timed out receiving message from renderer: 0,100
[1585089615,488][SEVERE]: Timed out receiving message from renderer: 0,100
[1585089615,590][SEVERE]: Timed out receiving message from renderer: 0,100
[1585089615,692][SEVERE]: Timed out receiving message from renderer: 0,100
[1585089615,794][SEVERE]: Timed out receiving message from renderer: 0,100
[1585089615,896][SEVERE]: Timed out receiving message from renderer: 0,100
[1585089615,997][SEVERE]: Timed out receiving message from renderer: 0,100
[1585089616,099][SEVERE]: Timed out receiving message from renderer: 0,100
[1585089616,200][SEVERE]: Timed out receiving message from renderer: 0,100
[1585089616,302][SEVERE]: Timed out receiving message from renderer: 0,100
[1585089616,404][SEVERE]: Timed out receiving message from renderer: 0,100
[1585089616,506][SEVERE]: Timed out receiving message from renderer: 0,100
[1585089616,608][SEVERE]: Timed out receiving message from renderer: 0,100
[1585089616,709][SEVERE]: Timed out receiving message from renderer: 0,100
[1585089616,811][SEVERE]: Timed out receiving message from renderer: 0,100
[1585089616,912][SEVERE]: Timed out receiving message from renderer: 0,100
[1585089617,014][SEVERE]: Timed out receiving message from renderer: 0,100
[1585089617,116][SEVERE]: Timed out receiving message from renderer: 0,100
[1585089617,217][SEVERE]: Timed out receiving message from renderer: 0,100
[1585089617,319][SEVERE]: Timed out receiving message from renderer: 0,100
[1585089617,421][SEVERE]: Timed out receiving message from renderer: 0,100
[1585089617,522][SEVERE]: Timed out receiving message from renderer: 0,100
[1585089617,624][SEVERE]: Timed out receiving message from renderer: 0,100
[1585089617,726][SEVERE]: Timed out receiving message from renderer: 0,100
[1585089617,828][SEVERE]: Timed out receiving message from renderer: 0,100
[1585089617,930][SEVERE]: Timed out receiving message from renderer: 0,100
[1585089618,032][SEVERE]: Timed out receiving message from renderer: 0,100
[1585089618,134][SEVERE]: Timed out receiving message from renderer: 0,100
[1585089618,235][SEVERE]: Timed out receiving message from renderer: 0,100
[1585089618,337][SEVERE]: Timed out receiving message from renderer: 0,100
[1585089618,438][SEVERE]: Timed out receiving message from renderer: 0,100
[1585089618,540][SEVERE]: Timed out receiving message from renderer: 0,100
[1585089618,642][SEVERE]: Timed out receiving message from renderer: 0,100
[1585089618,744][SEVERE]: Timed out receiving message from renderer: 0,100
[1585089618,845][SEVERE]: Timed out receiving message from renderer: 0,100
[1585089620,302][SEVERE]: Timed out receiving message from renderer: 0,100
[1585089620,543][SEVERE]: Timed out receiving message from renderer: 0,100
[1585089620,644][SEVERE]: Timed out receiving message from renderer: 0,100
[1585089620,746][SEVERE]: Timed out receiving message from renderer: 0,100
[1585089620,848][SEVERE]: Timed out receiving message from renderer: 0,100
[1585089620,950][SEVERE]: Timed out receiving message from renderer: 0,100
[1585089621,052][SEVERE]: Timed out receiving message from renderer: 0,100
[1585089621,153][SEVERE]: Timed out receiving message from renderer: 0,100
[1585089621,256][SEVERE]: Timed out receiving message from renderer: 0,100
[1585089621,357][SEVERE]: Timed out receiving message from renderer: 0,100
[1585089621,459][SEVERE]: Timed out receiving message from renderer: 0,100
[1585089621,561][SEVERE]: Timed out receiving message from renderer: 0,100
[1585089621,662][SEVERE]: Timed out receiving message from renderer: 0,100
[1585089621,764][SEVERE]: Timed out receiving message from renderer: 0,100
[1585089621,865][SEVERE]: Timed out receiving message from renderer: 0,100
[1585089621,967][SEVERE]: Timed out receiving message from renderer: 0,100
[1585089622,068][SEVERE]: Timed out receiving message from renderer: 0,100
[1585089622,172][SEVERE]: Timed out receiving message from renderer: 0,100
[1585089622,273][SEVERE]: Timed out receiving message from renderer: 0,100
[1585089622,375][SEVERE]: Timed out receiving message from renderer: 0,100
[1585089622,477][SEVERE]: Timed out receiving message from renderer: 0,100
[1585089622,578][SEVERE]: Timed out receiving message from renderer: 0,100
[1585089622,680][SEVERE]: Timed out receiving message from renderer: 0,100
[1585089622,781][SEVERE]: Timed out receiving message from renderer: 0,100
[1585089622,883][SEVERE]: Timed out receiving message from renderer: 0,100
[1585089622,984][SEVERE]: Timed out receiving message from renderer: 0,100
[1585089623,088][SEVERE]: Timed out receiving message from renderer: 0,100
[1585089623,208][SEVERE]: Timed out receiving message from renderer: 0,100
[1585089623,310][SEVERE]: Timed out receiving message from renderer: 0,100
[1585089623,412][SEVERE]: Timed out receiving message from renderer: 0,100
[1585089623,513][SEVERE]: Timed out receiving message from renderer: 0,100
[1585089623,615][SEVERE]: Timed out receiving message from renderer: 0,100
[1585089623,716][SEVERE]: Timed out receiving message from renderer: 0,100
[1585089623,818][SEVERE]: Timed out receiving message from renderer: 0,100
[1585089623,921][SEVERE]: Timed out receiving message from renderer: 0,100
[1585089624,025][SEVERE]: Timed out receiving message from renderer: 0,100
[1585089624,126][SEVERE]: Timed out receiving message from renderer: 0,100
[1585089624,228][SEVERE]: Timed out receiving message from renderer: 0,100
[1585089624,330][SEVERE]: Timed out receiving message from renderer: 0,100
[1585089624,432][SEVERE]: Timed out receiving message from renderer: 0,100
[1585089624,533][SEVERE]: Timed out receiving message from renderer: 0,100
[1585089624,635][SEVERE]: Timed out receiving message from renderer: 0,100
[1585089624,736][SEVERE]: Timed out receiving message from renderer: 0,100
[1585089624,838][SEVERE]: Timed out receiving message from renderer: 0,100
[1585089624,940][SEVERE]: Timed out receiving message from renderer: 0,100
[1585089625,041][SEVERE]: Timed out receiving message from renderer: 0,100
[1585089625,144][SEVERE]: Timed out receiving message from renderer: 0,100
[1585089625,246][SEVERE]: Timed out receiving message from renderer: 0,100
[1585089625,347][SEVERE]: Timed out receiving message from renderer: 0,100
[1585089625,449][SEVERE]: Timed out receiving message from renderer: 0,100
[1585089625,551][SEVERE]: Timed out receiving message from renderer: 0,100
[1585089625,652][SEVERE]: Timed out receiving message from renderer: 0,100
[1585089625,754][SEVERE]: Timed out receiving message from renderer: 0,100
[1585089625,856][SEVERE]: Timed out receiving message from renderer: 0,100
[1585089625,959][SEVERE]: Timed out receiving message from renderer: 0,100
[1585089626,060][SEVERE]: Timed out receiving message from renderer: 0,100
[1585089626,162][SEVERE]: Timed out receiving message from renderer: 0,100
[1585089626,264][SEVERE]: Timed out receiving message from renderer: 0,100
[1585089626,365][SEVERE]: Timed out receiving message from renderer: 0,100
[1585089626,467][SEVERE]: Timed out receiving message from renderer: 0,100
[1585089626,574][SEVERE]: Timed out receiving message from renderer: 0,100
[1585089626,676][SEVERE]: Timed out receiving message from renderer: 0,100
[1585089626,778][SEVERE]: Timed out receiving message from renderer: 0,100
[1585089626,879][SEVERE]: Timed out receiving message from renderer: 0,100
[1585089626,981][SEVERE]: Timed out receiving message from renderer: 0,100
[1585089627,083][SEVERE]: Timed out receiving message from renderer: 0,100
[1585089627,184][SEVERE]: Timed out receiving message from renderer: 0,100
[1585089627,286][SEVERE]: Timed out receiving message from renderer: 0,100
[1585089627,388][SEVERE]: Timed out receiving message from renderer: 0,100
[1585089627,489][SEVERE]: Timed out receiving message from renderer: 0,100
[1585089627,591][SEVERE]: Timed out receiving message from renderer: 0,100
[1585089627,692][SEVERE]: Timed out receiving message from renderer: 0,100
[1585089627,794][SEVERE]: Timed out receiving message from renderer: 0,100
[1585089627,895][SEVERE]: Timed out receiving message from renderer: 0,100
[1585089627,997][SEVERE]: Timed out receiving message from renderer: 0,100
[1585089628,099][SEVERE]: Timed out receiving message from renderer: 0,100
[1585089628,201][SEVERE]: Timed out receiving message from renderer: 0,100
[1585089628,302][SEVERE]: Timed out receiving message from renderer: 0,100
[1585089628,404][SEVERE]: Timed out receiving message from renderer: 0,100
[1585089628,505][SEVERE]: Timed out receiving message from renderer: 0,100
[1585089628,607][SEVERE]: Timed out receiving message from renderer: 0,100
[1585089628,709][SEVERE]: Timed out receiving message from renderer: 0,100
[1585089628,810][SEVERE]: Timed out receiving message from renderer: 0,100
[1585089628,912][SEVERE]: Timed out receiving message from renderer: 0,100
[1585089629,014][SEVERE]: Timed out receiving message from renderer: 0,100
[1585089629,116][SEVERE]: Timed out receiving message from renderer: 0,100
[1585089629,217][SEVERE]: Timed out receiving message from renderer: 0,100
[1585089629,319][SEVERE]: Timed out receiving message from renderer: 0,100
[1585089629,420][SEVERE]: Timed out receiving message from renderer: 0,100
[1585089629,522][SEVERE]: Timed out receiving message from renderer: 0,100
[1585089629,624][SEVERE]: Timed out receiving message from renderer: 0,100
[1585089629,725][SEVERE]: Timed out receiving message from renderer: 0,100
[1585089629,827][SEVERE]: Timed out receiving message from renderer: 0,100
[1585089629,928][SEVERE]: Timed out receiving message from renderer: 0,100
[1585089630,030][SEVERE]: Timed out receiving message from renderer: 0,100
[1585089630,131][SEVERE]: Timed out receiving message from renderer: 0,100
[1585089630,233][SEVERE]: Timed out receiving message from renderer: 0,100
[1585089630,335][SEVERE]: Timed out receiving message from renderer: 0,100
[1585089630,437][SEVERE]: Timed out receiving message from renderer: 0,100
[1585089630,538][SEVERE]: Timed out receiving message from renderer: 0,100
[1585089630,640][SEVERE]: Timed out receiving message from renderer: 0,100
[1585089630,742][SEVERE]: Timed out receiving message from renderer: 0,100
[1585089630,844][SEVERE]: Timed out receiving message from renderer: 0,100
[1585089630,945][SEVERE]: Timed out receiving message from renderer: 0,100
[1585089631,047][SEVERE]: Timed out receiving message from renderer: 0,100
[1585089631,148][SEVERE]: Timed out receiving message from renderer: 0,100
[1585089631,251][SEVERE]: Timed out receiving message from renderer: 0,100
[1585089631,353][SEVERE]: Timed out receiving message from renderer: 0,100
[1585089631,455][SEVERE]: Timed out receiving message from renderer: 0,100
[1585089631,556][SEVERE]: Timed out receiving message from renderer: 0,100
